Thu May 09 23:08:44 UTC 2024 : Apache Derby Network Server - 10.14.2.0 - (1828579) started and ready to accept connections on port 1527
----------------------------------------------------------------
Thu May 09 23:09:29 UTC 2024:
Booting Derby version The Apache Software Foundation - Apache Derby - 10.14.2.0 - (1828579): instance a816c00e-018f-5f9d-bec7-ffffa64b562f 
on database directory /opt/radiantone/vds/database/derby/Examples with class loader java.net.URLClassLoader@2e817b38 
Loaded from file:/opt/radiantone/vds/lib/derby-10.14.2.0.jar
java.vendor=Temurin
java.runtime.version=1.8.0_402-b06
user.dir=/opt/radiantone/vds/bin
os.name=Linux
os.arch=aarch64
os.version=6.6.26-linuxkit
derby.system.home=/opt/radiantone/vds/database/derby
Database Class Loader started - derby.database.classpath=''
----------------------------------------------------------------
Thu May 09 23:11:35 UTC 2024:
Booting Derby version The Apache Software Foundation - Apache Derby - 10.14.2.0 - (1828579): instance a352c053-018f-5f9d-bec7-ffffa64b562f 
on database directory /opt/radiantone/vds/database/derby/Northwind with class loader java.net.URLClassLoader@2e817b38 
Loaded from file:/opt/radiantone/vds/lib/derby-10.14.2.0.jar
java.vendor=Temurin
java.runtime.version=1.8.0_402-b06
user.dir=/opt/radiantone/vds/bin
os.name=Linux
os.arch=aarch64
os.version=6.6.26-linuxkit
derby.system.home=/opt/radiantone/vds/database/derby
Database Class Loader started - derby.database.classpath=''
